Compiled jquery.js  (2ms)  (pid 31116)
Compiled jquery_ujs.js  (0ms)  (pid 31116)
Compiled application.js  (21ms)  (pid 31116)
Compiled application.css  (1ms)  (pid 31116)
Compiled jquery.js  (48ms)  (pid 31116)
Compiled jquery_ujs.js  (0ms)  (pid 31116)
Compiled application.js  (89ms)  (pid 31116)
Compiled application.css  (1ms)  (pid 31116)
Compiled jquery.js  (2ms)  (pid 31945)
Compiled angular.js  (16ms)  (pid 31945)
Compiled services.js  (0ms)  (pid 31945)
Compiled controllers.js  (1ms)  (pid 31945)
Compiled filters.js  (0ms)  (pid 31945)
Compiled widgets.js  (0ms)  (pid 31945)
Compiled application.js  (2004ms)  (pid 31945)
Compiled bootstrap.css  (1ms)  (pid 31945)
Compiled application.css  (342ms)  (pid 31945)
Compiled jquery.js  (2ms)  (pid 31945)
Compiled angular.js  (9ms)  (pid 31945)
Compiled services.js  (0ms)  (pid 31945)
Compiled controllers.js  (0ms)  (pid 31945)
Compiled filters.js  (0ms)  (pid 31945)
Compiled widgets.js  (0ms)  (pid 31945)
Compiled application.js  (133ms)  (pid 31945)
Compiled bootstrap.css  (0ms)  (pid 31945)
Compiled application.css  (9ms)  (pid 31945)
Compiled jquery.js  (34ms)  (pid 32008)
Compiled angular.js  (15ms)  (pid 32008)
Compiled services.js  (0ms)  (pid 32008)
Compiled controllers.js  (1ms)  (pid 32008)
Compiled filters.js  (0ms)  (pid 32008)
Compiled widgets.js  (0ms)  (pid 32008)
Compiled application.js  (245ms)  (pid 32008)
Compiled bootstrap.css  (1ms)  (pid 32008)
Compiled application.css  (15ms)  (pid 32008)
Compiled jquery.js  (39ms)  (pid 32008)
Compiled angular.js  (15ms)  (pid 32008)
Compiled services.js  (0ms)  (pid 32008)
Compiled controllers.js  (0ms)  (pid 32008)
Compiled filters.js  (0ms)  (pid 32008)
Compiled widgets.js  (0ms)  (pid 32008)
Compiled application.js  (146ms)  (pid 32008)
Compiled bootstrap.css  (0ms)  (pid 32008)
Compiled application.css  (12ms)  (pid 32008)
Compiled jquery.js  (2ms)  (pid 32055)
Compiled angular.js  (10ms)  (pid 32055)
Compiled services.js  (0ms)  (pid 32055)
Compiled controllers.js  (0ms)  (pid 32055)
Compiled filters.js  (0ms)  (pid 32055)
Compiled widgets.js  (0ms)  (pid 32055)
Compiled application.js  (129ms)  (pid 32055)
Compiled bootstrap.css  (1ms)  (pid 32055)
Compiled application.css  (13ms)  (pid 32055)
Compiled jquery.js  (50ms)  (pid 32055)
Compiled angular.js  (10ms)  (pid 32055)
Compiled services.js  (0ms)  (pid 32055)
Compiled controllers.js  (1ms)  (pid 32055)
Compiled filters.js  (0ms)  (pid 32055)
Compiled widgets.js  (0ms)  (pid 32055)
Compiled application.js  (218ms)  (pid 32055)
Compiled bootstrap.css  (0ms)  (pid 32055)
Compiled application.css  (19ms)  (pid 32055)
Compiled jquery.js  (2ms)  (pid 32110)
Compiled angular.js  (10ms)  (pid 32110)
Compiled services.js  (0ms)  (pid 32110)
Compiled controllers.js  (0ms)  (pid 32110)
Compiled filters.js  (0ms)  (pid 32110)
Compiled widgets.js  (0ms)  (pid 32110)
Compiled application.js  (106ms)  (pid 32110)
Compiled bootstrap.css  (1ms)  (pid 32110)
Compiled application.css  (14ms)  (pid 32110)
Compiled jquery.js  (41ms)  (pid 32110)
Compiled angular.js  (10ms)  (pid 32110)
Compiled services.js  (0ms)  (pid 32110)
Compiled controllers.js  (0ms)  (pid 32110)
Compiled filters.js  (0ms)  (pid 32110)
Compiled widgets.js  (0ms)  (pid 32110)
Compiled application.js  (151ms)  (pid 32110)
Compiled bootstrap.css  (0ms)  (pid 32110)
Compiled application.css  (11ms)  (pid 32110)
Compiled jquery.js  (6ms)  (pid 32136)
Compiled angular.js  (29ms)  (pid 32136)
Compiled services.js  (1ms)  (pid 32136)
Compiled controllers.js  (1ms)  (pid 32136)
Compiled filters.js  (0ms)  (pid 32136)
Compiled widgets.js  (0ms)  (pid 32136)
Compiled application.js  (242ms)  (pid 32136)
Compiled bootstrap.css  (0ms)  (pid 32136)
Compiled application.css  (10ms)  (pid 32136)
Compiled jquery.js  (38ms)  (pid 32136)
Compiled angular.js  (10ms)  (pid 32136)
Compiled services.js  (0ms)  (pid 32136)
Compiled controllers.js  (0ms)  (pid 32136)
Compiled filters.js  (0ms)  (pid 32136)
Compiled widgets.js  (0ms)  (pid 32136)
Compiled application.js  (140ms)  (pid 32136)
Compiled bootstrap.css  (0ms)  (pid 32136)
Compiled application.css  (10ms)  (pid 32136)
Compiled jquery.js  (6ms)  (pid 591)
Compiled angular.js  (24ms)  (pid 591)
Compiled services.js  (0ms)  (pid 591)
Compiled controllers.js  (1ms)  (pid 591)
Compiled filters.js  (0ms)  (pid 591)
Compiled widgets.js  (0ms)  (pid 591)
Compiled application.js  (227ms)  (pid 591)
Compiled bootstrap.css  (1ms)  (pid 591)
Compiled application.css  (17ms)  (pid 591)
Compiled jquery.js  (3ms)  (pid 591)
Compiled angular.js  (14ms)  (pid 591)
Compiled services.js  (0ms)  (pid 591)
Compiled controllers.js  (1ms)  (pid 591)
Compiled filters.js  (0ms)  (pid 591)
Compiled widgets.js  (0ms)  (pid 591)
Compiled application.js  (222ms)  (pid 591)
Compiled bootstrap.css  (0ms)  (pid 591)
Compiled application.css  (47ms)  (pid 591)
Compiled jquery.js  (2ms)  (pid 701)
Compiled angular.js  (18ms)  (pid 701)
Compiled services.js  (0ms)  (pid 701)
Compiled controllers.js  (0ms)  (pid 701)
Compiled filters.js  (0ms)  (pid 701)
Compiled widgets.js  (0ms)  (pid 701)
Compiled application.js  (169ms)  (pid 701)
Compiled jquery.js  (2ms)  (pid 1038)
Compiled angular.js  (10ms)  (pid 1038)
Compiled services.js  (0ms)  (pid 1038)
Compiled controllers.js  (0ms)  (pid 1038)
Compiled filters.js  (0ms)  (pid 1038)
Compiled widgets.js  (0ms)  (pid 1038)
Compiled application.js  (207ms)  (pid 1038)
Compiled bootstrap.css  (1ms)  (pid 1038)
Compiled application.css  (11ms)  (pid 1038)
Compiled jquery.js  (2ms)  (pid 1038)
Compiled angular.js  (9ms)  (pid 1038)
Compiled services.js  (0ms)  (pid 1038)
Compiled controllers.js  (0ms)  (pid 1038)
Compiled filters.js  (0ms)  (pid 1038)
Compiled widgets.js  (0ms)  (pid 1038)
Compiled application.js  (115ms)  (pid 1038)
Compiled bootstrap.css  (1ms)  (pid 1038)
Compiled application.css  (12ms)  (pid 1038)
Compiled jquery.js  (37ms)  (pid 1067)
Compiled angular.js  (10ms)  (pid 1067)
Compiled services.js  (0ms)  (pid 1067)
Compiled controllers.js  (0ms)  (pid 1067)
Compiled filters.js  (0ms)  (pid 1067)
Compiled widgets.js  (0ms)  (pid 1067)
Compiled application.js  (135ms)  (pid 1067)
Compiled bootstrap.css  (0ms)  (pid 1067)
Compiled application.css  (8ms)  (pid 1067)
Compiled jquery.js  (37ms)  (pid 1067)
Compiled angular.js  (10ms)  (pid 1067)
Compiled services.js  (0ms)  (pid 1067)
Compiled controllers.js  (1ms)  (pid 1067)
Compiled filters.js  (0ms)  (pid 1067)
Compiled widgets.js  (0ms)  (pid 1067)
Compiled application.js  (141ms)  (pid 1067)
Compiled bootstrap.css  (0ms)  (pid 1067)
Compiled application.css  (8ms)  (pid 1067)
Compiled jquery.js  (37ms)  (pid 2158)
Compiled bootstrap.js  (1ms)  (pid 2158)
Compiled angular.js  (9ms)  (pid 2158)
Compiled angular-resource.js  (0ms)  (pid 2158)
Compiled utility.js  (0ms)  (pid 2158)
Compiled services.js  (0ms)  (pid 2158)
Compiled controllers.js  (3ms)  (pid 2158)
Compiled filters.js  (0ms)  (pid 2158)
Compiled widgets.js  (0ms)  (pid 2158)
Compiled application.js  (346ms)  (pid 2158)
Compiled bootstrap.css  (1ms)  (pid 2158)
Compiled violination.css  (1ms)  (pid 2158)
Compiled application.css  (576ms)  (pid 2158)
Compiled jquery.js  (37ms)  (pid 2158)
Compiled bootstrap.js  (1ms)  (pid 2158)
Compiled angular.js  (10ms)  (pid 2158)
Compiled angular-resource.js  (33ms)  (pid 2158)
Compiled utility.js  (0ms)  (pid 2158)
Compiled services.js  (0ms)  (pid 2158)
Compiled controllers.js  (2ms)  (pid 2158)
Compiled filters.js  (0ms)  (pid 2158)
Compiled widgets.js  (0ms)  (pid 2158)
Compiled application.js  (207ms)  (pid 2158)
Compiled bootstrap.css  (0ms)  (pid 2158)
Compiled violination.css  (0ms)  (pid 2158)
Compiled application.css  (28ms)  (pid 2158)
Compiled jquery.js  (38ms)  (pid 2206)
Compiled bootstrap.js  (0ms)  (pid 2206)
Compiled angular.js  (10ms)  (pid 2206)
Compiled angular-resource.js  (0ms)  (pid 2206)
Compiled utility.js  (0ms)  (pid 2206)
Compiled services.js  (0ms)  (pid 2206)
Compiled controllers.js  (2ms)  (pid 2206)
Compiled filters.js  (0ms)  (pid 2206)
Compiled widgets.js  (0ms)  (pid 2206)
Compiled application.js  (545ms)  (pid 2206)
Compiled bootstrap.css  (0ms)  (pid 2206)
Compiled violination.css  (0ms)  (pid 2206)
Compiled application.css  (47ms)  (pid 2206)
Compiled jquery.js  (36ms)  (pid 2206)
Compiled bootstrap.js  (0ms)  (pid 2206)
Compiled angular.js  (9ms)  (pid 2206)
Compiled angular-resource.js  (0ms)  (pid 2206)
Compiled utility.js  (0ms)  (pid 2206)
Compiled services.js  (0ms)  (pid 2206)
Compiled controllers.js  (2ms)  (pid 2206)
Compiled filters.js  (0ms)  (pid 2206)
Compiled widgets.js  (0ms)  (pid 2206)
Compiled application.js  (154ms)  (pid 2206)
Compiled bootstrap.css  (0ms)  (pid 2206)
Compiled violination.css  (0ms)  (pid 2206)
Compiled application.css  (13ms)  (pid 2206)
Compiled jquery.js  (40ms)  (pid 2352)
Compiled bootstrap.js  (0ms)  (pid 2352)
Compiled angular.js  (10ms)  (pid 2352)
Compiled angular-resource.js  (0ms)  (pid 2352)
Compiled utility.js  (0ms)  (pid 2352)
Compiled services.js  (0ms)  (pid 2352)
Compiled controllers.js  (2ms)  (pid 2352)
Compiled filters.js  (0ms)  (pid 2352)
Compiled widgets.js  (0ms)  (pid 2352)
Compiled application.js  (167ms)  (pid 2352)
Compiled bootstrap.css  (1ms)  (pid 2352)
Compiled violination.css  (0ms)  (pid 2352)
Compiled application.css  (49ms)  (pid 2352)
Compiled jquery.js  (36ms)  (pid 2352)
Compiled bootstrap.js  (0ms)  (pid 2352)
Compiled angular.js  (9ms)  (pid 2352)
Compiled angular-resource.js  (38ms)  (pid 2352)
Compiled utility.js  (0ms)  (pid 2352)
Compiled services.js  (0ms)  (pid 2352)
Compiled controllers.js  (2ms)  (pid 2352)
Compiled filters.js  (0ms)  (pid 2352)
Compiled widgets.js  (0ms)  (pid 2352)
Compiled application.js  (185ms)  (pid 2352)
Compiled bootstrap.css  (0ms)  (pid 2352)
Compiled violination.css  (0ms)  (pid 2352)
Compiled application.css  (35ms)  (pid 2352)
Compiled jquery.js  (37ms)  (pid 2388)
Compiled bootstrap.js  (0ms)  (pid 2388)
Compiled angular.js  (9ms)  (pid 2388)
Compiled angular-resource.js  (0ms)  (pid 2388)
Compiled utility.js  (0ms)  (pid 2388)
Compiled services.js  (0ms)  (pid 2388)
Compiled controllers.js  (2ms)  (pid 2388)
Compiled filters.js  (0ms)  (pid 2388)
Compiled widgets.js  (0ms)  (pid 2388)
Compiled application.js  (651ms)  (pid 2388)
Compiled bootstrap.css  (0ms)  (pid 2388)
Compiled violination.css  (0ms)  (pid 2388)
Compiled application.css  (159ms)  (pid 2388)
Compiled jquery.js  (37ms)  (pid 2388)
Compiled bootstrap.js  (0ms)  (pid 2388)
Compiled angular.js  (10ms)  (pid 2388)
Compiled angular-resource.js  (1ms)  (pid 2388)
Compiled utility.js  (0ms)  (pid 2388)
Compiled services.js  (0ms)  (pid 2388)
Compiled controllers.js  (3ms)  (pid 2388)
Compiled filters.js  (0ms)  (pid 2388)
Compiled widgets.js  (0ms)  (pid 2388)
Compiled application.js  (1175ms)  (pid 2388)
Compiled bootstrap.css  (0ms)  (pid 2388)
Compiled violination.css  (0ms)  (pid 2388)
Compiled application.css  (19ms)  (pid 2388)
Compiled jquery.js  (2ms)  (pid 3481)
Compiled lib/bootstrap.js  (1ms)  (pid 3481)
Compiled lib/angular.js  (9ms)  (pid 3481)
Compiled lib/angular-resource.js  (1ms)  (pid 3481)
Compiled lib/angular-cookies.js  (0ms)  (pid 3481)
Compiled utility.js  (0ms)  (pid 3481)
Compiled App.js  (0ms)  (pid 3481)
Compiled services.js  (0ms)  (pid 3481)
Compiled filters.js  (0ms)  (pid 3481)
Compiled widgets.js  (0ms)  (pid 3481)
Compiled session/SessionController.js  (0ms)  (pid 3481)
Compiled user/UserController.js  (0ms)  (pid 3481)
Compiled application.js  (375ms)  (pid 3481)
Compiled bootstrap-superhero.css  (1ms)  (pid 3481)
Compiled violination.css  (0ms)  (pid 3481)
Compiled application.css  (62ms)  (pid 3481)
Compiled jquery.js  (2ms)  (pid 3481)
Compiled lib/bootstrap.js  (34ms)  (pid 3481)
Compiled lib/angular.js  (9ms)  (pid 3481)
Compiled lib/angular-resource.js  (0ms)  (pid 3481)
Compiled lib/angular-cookies.js  (0ms)  (pid 3481)
Compiled utility.js  (0ms)  (pid 3481)
Compiled App.js  (0ms)  (pid 3481)
Compiled services.js  (0ms)  (pid 3481)
Compiled filters.js  (0ms)  (pid 3481)
Compiled widgets.js  (0ms)  (pid 3481)
Compiled session/SessionController.js  (0ms)  (pid 3481)
Compiled user/UserController.js  (0ms)  (pid 3481)
Compiled application.js  (164ms)  (pid 3481)
Compiled bootstrap-superhero.css  (0ms)  (pid 3481)
Compiled violination.css  (0ms)  (pid 3481)
Compiled application.css  (20ms)  (pid 3481)
Compiled jquery.js  (2ms)  (pid 3782)
Compiled lib/bootstrap.js  (0ms)  (pid 3782)
Compiled lib/angular.js  (10ms)  (pid 3782)
Compiled lib/angular-resource.js  (0ms)  (pid 3782)
Compiled lib/angular-cookies.js  (0ms)  (pid 3782)
Compiled utility.js  (0ms)  (pid 3782)
Compiled App.js  (0ms)  (pid 3782)
Compiled services.js  (0ms)  (pid 3782)
Compiled filters.js  (0ms)  (pid 3782)
Compiled widgets.js  (0ms)  (pid 3782)
Compiled ApplicationCtrl.js  (0ms)  (pid 3782)
Compiled user/UserController.js  (0ms)  (pid 3782)
Compiled application.js  (320ms)  (pid 3782)
Compiled bootstrap-superhero.css  (0ms)  (pid 3782)
Compiled violination.css  (0ms)  (pid 3782)
Compiled application.css  (13ms)  (pid 3782)
Compiled jquery.js  (2ms)  (pid 3782)
Compiled lib/bootstrap.js  (35ms)  (pid 3782)
Compiled lib/angular.js  (9ms)  (pid 3782)
Compiled lib/angular-resource.js  (0ms)  (pid 3782)
Compiled lib/angular-cookies.js  (0ms)  (pid 3782)
Compiled utility.js  (0ms)  (pid 3782)
Compiled App.js  (0ms)  (pid 3782)
Compiled services.js  (0ms)  (pid 3782)
Compiled filters.js  (0ms)  (pid 3782)
Compiled widgets.js  (0ms)  (pid 3782)
Compiled ApplicationCtrl.js  (0ms)  (pid 3782)
Compiled user/UserController.js  (0ms)  (pid 3782)
Compiled application.js  (167ms)  (pid 3782)
Compiled bootstrap-superhero.css  (0ms)  (pid 3782)
Compiled violination.css  (0ms)  (pid 3782)
Compiled application.css  (13ms)  (pid 3782)
